<?xml version="1.0" encoding="UTF-8"?>
<!-- Generated by org.testng.reporters.JUnitReportReporter -->
<testsuite hostname="ind496" name="basics7" tests="1" failures="0" timestamp="25 Jan 2018 06:20:02 GMT" time="2.513" errors="0">
  <testcase name="jiraApi1" time="2.513" classname="basics7"/>
</testsuite> <!-- basics7 -->
