<?xml version="1.0" encoding="UTF-8"?>
<!-- Generated by org.testng.reporters.JUnitReportReporter -->
<testsuite hostname="ind496" name="basics8" tests="1" failures="0" timestamp="25 Jan 2018 06:20:33 GMT" time="2.643" errors="0">
  <testcase name="jiraApi1" time="2.643" classname="basics8"/>
</testsuite> <!-- basics8 -->
