<?xml version="1.0" encoding="UTF-8"?>
<!-- Generated by org.testng.reporters.JUnitReportReporter -->
<testsuite hostname="ind496" name="basics6" tests="1" failures="0" timestamp="24 Jan 2018 13:11:26 GMT" time="9.059" errors="0">
  <testcase name="jiraApi" time="9.059" classname="basics6"/>
</testsuite> <!-- basics6 -->
