<?xml version="1.0" encoding="UTF-8"?>
<!-- Generated by org.testng.reporters.JUnitReportReporter -->
<testsuite hostname="ind496" name="tests.basics2" tests="1" failures="0" timestamp="25 Jan 2018 06:22:10 GMT" time="2.724" errors="0">
  <testcase name="postData" time="2.724" classname="tests.basics2"/>
</testsuite> <!-- tests.basics2 -->
