<?xml version="1.0" encoding="UTF-8"?>
<!-- Generated by org.testng.reporters.JUnitReportReporter -->
<testsuite hostname="ind496" name="tests.basics8" tests="1" failures="0" timestamp="25 Jan 2018 06:22:10 GMT" time="0.185" errors="0">
  <testcase name="jiraApi1" time="0.185" classname="tests.basics8"/>
</testsuite> <!-- tests.basics8 -->
