<?xml version="1.0" encoding="UTF-8"?>
<!-- Generated by org.testng.reporters.JUnitReportReporter -->
<testsuite hostname="ind496" name="tests.basics5" tests="1" failures="0" timestamp="25 Jan 2018 06:22:10 GMT" time="0.930" errors="0">
  <testcase name="test1" time="0.930" classname="tests.basics5"/>
</testsuite> <!-- tests.basics5 -->
