<?xml version="1.0" encoding="UTF-8"?>
<!-- Generated by org.testng.reporters.JUnitReportReporter -->
<testsuite hostname="ind496" name="basics9" tests="3" failures="0" timestamp="20 Jan 2018 13:46:33 GMT" time="4.584" errors="0">
  <testcase name="deleteTweet" time="0.653" classname="basics9"/>
  <testcase name="createTweet" time="3.305" classname="basics9"/>
  <testcase name="getLatestTweet" time="0.626" classname="basics9"/>
</testsuite> <!-- basics9 -->
