<?xml version="1.0" encoding="UTF-8"?>
<!-- Generated by org.testng.reporters.JUnitReportReporter -->
<testsuite hostname="ind496" name="basics4" tests="1" failures="0" timestamp="18 Jan 2018 06:54:12 GMT" time="2.878" errors="0">
  <testcase name="postData" time="2.878" classname="basics4"/>
</testsuite> <!-- basics4 -->
