<?xml version="1.0" encoding="UTF-8"?>
<!-- Generated by org.testng.reporters.JUnitReportReporter -->
<testsuite hostname="ind496" name="tests.basics9" tests="3" failures="0" timestamp="25 Jan 2018 11:38:25 GMT" time="4.740" errors="0">
  <testcase name="deleteTweet" time="0.676" classname="tests.basics9"/>
  <testcase name="getLatestTweet" time="0.685" classname="tests.basics9"/>
  <testcase name="createTweet" time="3.379" classname="tests.basics9"/>
</testsuite> <!-- tests.basics9 -->
