<?xml version="1.0" encoding="UTF-8"?>
<!-- Generated by org.testng.reporters.JUnitReportReporter -->
<testsuite hostname="ind496" name="tests.basics3" tests="1" failures="0" timestamp="25 Jan 2018 06:22:10 GMT" time="0.644" errors="0">
  <testcase name="addAndDelete" time="0.644" classname="tests.basics3"/>
</testsuite> <!-- tests.basics3 -->
