<?xml version="1.0" encoding="UTF-8"?>
<!-- Generated by org.testng.reporters.JUnitReportReporter -->
<testsuite hostname="ind496" name="basics2" tests="1" failures="0" timestamp="11 Jan 2018 06:08:11 GMT" time="5.342" errors="0">
  <testcase name="postData" time="5.342" classname="basics2"/>
</testsuite> <!-- basics2 -->
