<?xml version="1.0" encoding="UTF-8"?>
<!-- Generated by org.testng.reporters.JUnitReportReporter -->
<testsuite hostname="ind496" name="basics5" tests="1" failures="0" timestamp="18 Jan 2018 06:55:19 GMT" time="3.633" errors="0">
  <testcase name="test1" time="3.633" classname="basics5"/>
</testsuite> <!-- basics5 -->
