<?xml version="1.0" encoding="UTF-8"?>
<!-- Generated by org.testng.reporters.JUnitReportReporter -->
<testsuite hostname="ind496" name="tests.basics4" tests="1" failures="0" timestamp="25 Jan 2018 06:22:10 GMT" time="0.378" errors="0">
  <testcase name="postData" time="0.378" classname="tests.basics4"/>
</testsuite> <!-- tests.basics4 -->
