<?xml version="1.0" encoding="UTF-8"?>
<!-- Generated by org.testng.reporters.JUnitReportReporter -->
<testsuite hostname="ind496" name="basics3" tests="1" failures="0" timestamp="25 Jan 2018 06:06:40 GMT" time="3.153" errors="0">
  <testcase name="addAndDelete" time="3.153" classname="basics3"/>
</testsuite> <!-- basics3 -->
